<?xml version="1.0" encoding="UTF-8"?>
<!-- Generated by org.testng.reporters.JUnitXMLReporter -->
<testsuite hostname="Vyacheslav-PC" ignored="0" name="Command line test" tests="138" failures="2" timestamp="03 апр 2017 13:44:50 GMT" time="0.671" errors="0">
  <testcase name="@BeforeClass befClass" time="0.01" classname="com.selenium.test.testng.tests.Checks.TestAllFields">
    <failure type="java.lang.ClassCastException" message="org.openqa.selenium.remote.service.DriverCommandExecutor cannot be cast to org.openqa.selenium.firefox.FirefoxDriver$LazyCommandExecutor">
      <![CDATA[java.lang.ClassCastException: org.openqa.selenium.remote.service.DriverCommandExecutor cannot be cast to org.openqa.selenium.firefox.FirefoxDriver$LazyCommandExecutor
	at org.openqa.selenium.firefox.FirefoxDriver.startClient(FirefoxDriver.java:325)
	at org.openqa.selenium.remote.RemoteWebDriver.<init>(RemoteWebDriver.java:119)
	at org.openqa.selenium.firefox.FirefoxDriver.<init>(FirefoxDriver.java:218)
	at org.openqa.selenium.firefox.FirefoxDriver.<init>(FirefoxDriver.java:125)
	at org.openqa.selenium.firefox.FirefoxDriver.<init>(FirefoxDriver.java:150)
	at com.codeborne.selenide.webdriver.WebDriverFactory.createFirefoxDriver(WebDriverFactory.java:191)
	at com.codeborne.selenide.webdriver.WebDriverFactory.createWebDriver(WebDriverFactory.java:50)
	at com.codeborne.selenide.impl.WebDriverThreadLocalContainer.createDriver(WebDriverThreadLocalContainer.java:240)
	at com.codeborne.selenide.impl.WebDriverThreadLocalContainer.getAndCheckWebDriver(WebDriverThreadLocalContainer.java:113)
	at com.codeborne.selenide.WebDriverRunner.getAndCheckWebDriver(WebDriverRunner.java:136)
	at com.codeborne.selenide.impl.Navigator.navigateToAbsoluteUrl(Navigator.java:69)
	at com.codeborne.selenide.impl.Navigator.open(Navigator.java:32)
	at com.codeborne.selenide.Selenide.open(Selenide.java:82)
	at com.codeborne.selenide.Selenide.open(Selenide.java:56)
	at com.selenium.test.testng.tests.odsTestReestr.TestProcedures.autorisationUser(TestProcedures.java:96)
	at com.selenium.test.testng.tests.Checks.TestAllFields.befClass(TestAllFields.java:19)
... Removed 35 stack frames]]>
    </failure>
  </testcase> <!-- @BeforeClass befClass -->
  <testcase name="@BeforeMethod befTest" time="0.0" classname="com.selenium.test.testng.tests.Checks.TestAllFields">
    <skipped/>
  </testcase> <!-- @BeforeMethod befTest -->
  <testcase name="@BeforeClass befClass" time="0.0" classname="com.selenium.test.testng.tests.Checks.TestRequiredParameters">
    <failure type="java.lang.ClassCastException" message="org.openqa.selenium.remote.service.DriverCommandExecutor cannot be cast to org.openqa.selenium.firefox.FirefoxDriver$LazyCommandExecutor">
      <![CDATA[java.lang.ClassCastException: org.openqa.selenium.remote.service.DriverCommandExecutor cannot be cast to org.openqa.selenium.firefox.FirefoxDriver$LazyCommandExecutor
	at org.openqa.selenium.firefox.FirefoxDriver.startClient(FirefoxDriver.java:325)
	at org.openqa.selenium.remote.RemoteWebDriver.<init>(RemoteWebDriver.java:119)
	at org.openqa.selenium.firefox.FirefoxDriver.<init>(FirefoxDriver.java:218)
	at org.openqa.selenium.firefox.FirefoxDriver.<init>(FirefoxDriver.java:125)
	at org.openqa.selenium.firefox.FirefoxDriver.<init>(FirefoxDriver.java:150)
	at com.codeborne.selenide.webdriver.WebDriverFactory.createFirefoxDriver(WebDriverFactory.java:191)
	at com.codeborne.selenide.webdriver.WebDriverFactory.createWebDriver(WebDriverFactory.java:50)
	at com.codeborne.selenide.impl.WebDriverThreadLocalContainer.createDriver(WebDriverThreadLocalContainer.java:240)
	at com.codeborne.selenide.impl.WebDriverThreadLocalContainer.getAndCheckWebDriver(WebDriverThreadLocalContainer.java:113)
	at com.codeborne.selenide.WebDriverRunner.getAndCheckWebDriver(WebDriverRunner.java:136)
	at com.codeborne.selenide.impl.Navigator.navigateToAbsoluteUrl(Navigator.java:69)
	at com.codeborne.selenide.impl.Navigator.open(Navigator.java:32)
	at com.codeborne.selenide.Selenide.open(Selenide.java:82)
	at com.codeborne.selenide.Selenide.open(Selenide.java:56)
	at com.selenium.test.testng.tests.Checks.TestProcedures.autorisationUser(TestProcedures.java:98)
	at com.selenium.test.testng.tests.Checks.TestRequiredParameters.befClass(TestRequiredParameters.java:26)
... Removed 35 stack frames]]>
    </failure>
  </testcase> <!-- @BeforeClass befClass -->
  <testcase name="@BeforeMethod befTest" time="0.0" classname="com.selenium.test.testng.tests.Checks.TestRequiredParameters">
    <skipped/>
  </testcase> <!-- @BeforeMethod befTest -->
  <testcase name="@BeforeMethod befTest" time="0.0" classname="com.selenium.test.testng.tests.Checks.TestRequiredParameters">
    <skipped/>
  </testcase> <!-- @BeforeMethod befTest -->
  <testcase name="@BeforeMethod befTest" time="0.0" classname="com.selenium.test.testng.tests.Checks.TestRequiredParameters">
    <skipped/>
  </testcase> <!-- @BeforeMethod befTest -->
  <testcase name="@BeforeMethod befTest" time="0.0" classname="com.selenium.test.testng.tests.Checks.TestRequiredParameters">
    <skipped/>
  </testcase> <!-- @BeforeMethod befTest -->
  <testcase name="@BeforeMethod befTest" time="0.0" classname="com.selenium.test.testng.tests.Checks.TestRequiredParameters">
    <skipped/>
  </testcase> <!-- @BeforeMethod befTest -->
  <testcase name="@BeforeMethod befTest" time="0.0" classname="com.selenium.test.testng.tests.Checks.TestRequiredParameters">
    <skipped/>
  </testcase> <!-- @BeforeMethod befTest -->
  <testcase name="@BeforeMethod befTest" time="0.0" classname="com.selenium.test.testng.tests.Checks.TestRequiredParameters">
    <skipped/>
  </testcase> <!-- @BeforeMethod befTest -->
  <testcase name="@BeforeMethod befTest" time="0.0" classname="com.selenium.test.testng.tests.Checks.TestRequiredParameters">
    <skipped/>
  </testcase> <!-- @BeforeMethod befTest -->
  <testcase name="@BeforeMethod befTest" time="0.0" classname="com.selenium.test.testng.tests.Checks.TestRequiredParameters">
    <skipped/>
  </testcase> <!-- @BeforeMethod befTest -->
  <testcase name="@BeforeMethod befTest" time="0.0" classname="com.selenium.test.testng.tests.Checks.TestRequiredParameters">
    <skipped/>
  </testcase> <!-- @BeforeMethod befTest -->
  <testcase name="@BeforeMethod befTest" time="0.0" classname="com.selenium.test.testng.tests.Checks.TestRequiredParameters">
    <skipped/>
  </testcase> <!-- @BeforeMethod befTest -->
  <testcase name="@BeforeMethod befTest" time="0.0" classname="com.selenium.test.testng.tests.Checks.TestRequiredParameters">
    <skipped/>
  </testcase> <!-- @BeforeMethod befTest -->
  <testcase name="@BeforeMethod befTest" time="0.0" classname="com.selenium.test.testng.tests.Checks.TestRequiredParameters">
    <skipped/>
  </testcase> <!-- @BeforeMethod befTest -->
  <testcase name="@BeforeMethod befTest" time="0.0" classname="com.selenium.test.testng.tests.Checks.TestRequiredParameters">
    <skipped/>
  </testcase> <!-- @BeforeMethod befTest -->
  <testcase name="@BeforeMethod befTest" time="0.0" classname="com.selenium.test.testng.tests.Checks.TestRequiredParameters">
    <skipped/>
  </testcase> <!-- @BeforeMethod befTest -->
  <testcase name="@BeforeMethod befTest" time="0.0" classname="com.selenium.test.testng.tests.Checks.TestRequiredParameters">
    <skipped/>
  </testcase> <!-- @BeforeMethod befTest -->
  <testcase name="@BeforeMethod befTest" time="0.0" classname="com.selenium.test.testng.tests.Checks.TestRequiredParameters">
    <skipped/>
  </testcase> <!-- @BeforeMethod befTest -->
  <testcase name="@BeforeMethod befTest" time="0.0" classname="com.selenium.test.testng.tests.Checks.TestRequiredParameters">
    <skipped/>
  </testcase> <!-- @BeforeMethod befTest -->
  <testcase name="@BeforeMethod befTest" time="0.0" classname="com.selenium.test.testng.tests.Checks.TestRequiredParameters">
    <skipped/>
  </testcase> <!-- @BeforeMethod befTest -->
  <testcase name="@BeforeMethod befTest" time="0.0" classname="com.selenium.test.testng.tests.Checks.TestRequiredParameters">
    <skipped/>
  </testcase> <!-- @BeforeMethod befTest -->
  <testcase name="@BeforeMethod befTest" time="0.0" classname="com.selenium.test.testng.tests.Checks.TestRequiredParameters">
    <skipped/>
  </testcase> <!-- @BeforeMethod befTest -->
  <testcase name="@BeforeMethod befTest" time="0.0" classname="com.selenium.test.testng.tests.Checks.TestRequiredParameters">
    <skipped/>
  </testcase> <!-- @BeforeMethod befTest -->
  <testcase name="@BeforeMethod befTest" time="0.0" classname="com.selenium.test.testng.tests.Checks.TestRequiredParameters">
    <skipped/>
  </testcase> <!-- @BeforeMethod befTest -->
  <testcase name="@BeforeMethod befTest" time="0.0" classname="com.selenium.test.testng.tests.Checks.TestRequiredParameters">
    <skipped/>
  </testcase> <!-- @BeforeMethod befTest -->
  <testcase name="@BeforeMethod befTest" time="0.0" classname="com.selenium.test.testng.tests.Checks.TestRequiredParameters">
    <skipped/>
  </testcase> <!-- @BeforeMethod befTest -->
  <testcase name="@BeforeMethod befTest" time="0.0" classname="com.selenium.test.testng.tests.Checks.TestRequiredParameters">
    <skipped/>
  </testcase> <!-- @BeforeMethod befTest -->
  <testcase name="@BeforeMethod befTest" time="0.0" classname="com.selenium.test.testng.tests.Checks.TestRequiredParameters">
    <skipped/>
  </testcase> <!-- @BeforeMethod befTest -->
  <testcase name="@BeforeMethod befTest" time="0.0" classname="com.selenium.test.testng.tests.Checks.TestRequiredParameters">
    <skipped/>
  </testcase> <!-- @BeforeMethod befTest -->
  <testcase name="@BeforeMethod befTest" time="0.0" classname="com.selenium.test.testng.tests.Checks.TestRequiredParameters">
    <skipped/>
  </testcase> <!-- @BeforeMethod befTest -->
  <testcase name="@BeforeMethod befTest" time="0.0" classname="com.selenium.test.testng.tests.Checks.TestRequiredParameters">
    <skipped/>
  </testcase> <!-- @BeforeMethod befTest -->
  <testcase name="@BeforeMethod befTest" time="0.0" classname="com.selenium.test.testng.tests.Checks.TestRequiredParameters">
    <skipped/>
  </testcase> <!-- @BeforeMethod befTest -->
  <testcase name="@BeforeMethod befTest" time="0.0" classname="com.selenium.test.testng.tests.Checks.TestRequiredParameters">
    <skipped/>
  </testcase> <!-- @BeforeMethod befTest -->
  <testcase name="@BeforeMethod befTest" time="0.0" classname="com.selenium.test.testng.tests.Checks.TestRequiredParameters">
    <skipped/>
  </testcase> <!-- @BeforeMethod befTest -->
  <testcase name="@BeforeMethod befTest" time="0.0" classname="com.selenium.test.testng.tests.Checks.TestRequiredParameters">
    <skipped/>
  </testcase> <!-- @BeforeMethod befTest -->
  <testcase name="@AfterClass clearCache" time="0.0" classname="com.selenium.test.testng.tests.Checks.TestRequiredParameters">
    <skipped/>
  </testcase> <!-- @AfterClass clearCache -->
  <testcase name="@BeforeClass befClass" time="0.01" classname="com.selenium.test.testng.tests.Checks.TestNullParams">
    <failure type="java.lang.ClassCastException" message="org.openqa.selenium.remote.service.DriverCommandExecutor cannot be cast to org.openqa.selenium.firefox.FirefoxDriver$LazyCommandExecutor">
      <![CDATA[java.lang.ClassCastException: org.openqa.selenium.remote.service.DriverCommandExecutor cannot be cast to org.openqa.selenium.firefox.FirefoxDriver$LazyCommandExecutor
	at org.openqa.selenium.firefox.FirefoxDriver.startClient(FirefoxDriver.java:325)
	at org.openqa.selenium.remote.RemoteWebDriver.<init>(RemoteWebDriver.java:119)
	at org.openqa.selenium.firefox.FirefoxDriver.<init>(FirefoxDriver.java:218)
	at org.openqa.selenium.firefox.FirefoxDriver.<init>(FirefoxDriver.java:125)
	at org.openqa.selenium.firefox.FirefoxDriver.<init>(FirefoxDriver.java:150)
	at com.codeborne.selenide.webdriver.WebDriverFactory.createFirefoxDriver(WebDriverFactory.java:191)
	at com.codeborne.selenide.webdriver.WebDriverFactory.createWebDriver(WebDriverFactory.java:50)
	at com.codeborne.selenide.impl.WebDriverThreadLocalContainer.createDriver(WebDriverThreadLocalContainer.java:240)
	at com.codeborne.selenide.impl.WebDriverThreadLocalContainer.getAndCheckWebDriver(WebDriverThreadLocalContainer.java:113)
	at com.codeborne.selenide.WebDriverRunner.getAndCheckWebDriver(WebDriverRunner.java:136)
	at com.codeborne.selenide.impl.Navigator.navigateToAbsoluteUrl(Navigator.java:69)
	at com.codeborne.selenide.impl.Navigator.open(Navigator.java:32)
	at com.codeborne.selenide.Selenide.open(Selenide.java:82)
	at com.codeborne.selenide.Selenide.open(Selenide.java:56)
	at com.selenium.test.testng.tests.odsTestReestr.TestProcedures.autorisationUser(TestProcedures.java:96)
	at com.selenium.test.testng.tests.Checks.TestNullParams.befClass(TestNullParams.java:24)
... Removed 35 stack frames]]>
    </failure>
  </testcase> <!-- @BeforeClass befClass -->
  <testcase name="@BeforeMethod befTest" time="0.0" classname="com.selenium.test.testng.tests.Checks.TestNullParams">
    <skipped/>
  </testcase> <!-- @BeforeMethod befTest -->
  <testcase name="@BeforeMethod befTest" time="0.0" classname="com.selenium.test.testng.tests.Checks.TestNullParams">
    <skipped/>
  </testcase> <!-- @BeforeMethod befTest -->
  <testcase name="@BeforeMethod befTest" time="0.0" classname="com.selenium.test.testng.tests.Checks.TestNullParams">
    <skipped/>
  </testcase> <!-- @BeforeMethod befTest -->
  <testcase name="@BeforeMethod befTest" time="0.0" classname="com.selenium.test.testng.tests.Checks.TestNullParams">
    <skipped/>
  </testcase> <!-- @BeforeMethod befTest -->
  <testcase name="@BeforeMethod befTest" time="0.0" classname="com.selenium.test.testng.tests.Checks.TestNullParams">
    <skipped/>
  </testcase> <!-- @BeforeMethod befTest -->
  <testcase name="@BeforeMethod befTest" time="0.0" classname="com.selenium.test.testng.tests.Checks.TestNullParams">
    <skipped/>
  </testcase> <!-- @BeforeMethod befTest -->
  <testcase name="@BeforeMethod befTest" time="0.0" classname="com.selenium.test.testng.tests.Checks.TestNullParams">
    <skipped/>
  </testcase> <!-- @BeforeMethod befTest -->
  <testcase name="@BeforeMethod befTest" time="0.0" classname="com.selenium.test.testng.tests.Checks.TestNullParams">
    <skipped/>
  </testcase> <!-- @BeforeMethod befTest -->
  <testcase name="@BeforeMethod befTest" time="0.0" classname="com.selenium.test.testng.tests.Checks.TestNullParams">
    <skipped/>
  </testcase> <!-- @BeforeMethod befTest -->
  <testcase name="@BeforeMethod befTest" time="0.0" classname="com.selenium.test.testng.tests.Checks.TestNullParams">
    <skipped/>
  </testcase> <!-- @BeforeMethod befTest -->
  <testcase name="@BeforeMethod befTest" time="0.0" classname="com.selenium.test.testng.tests.Checks.TestNullParams">
    <skipped/>
  </testcase> <!-- @BeforeMethod befTest -->
  <testcase name="@BeforeMethod befTest" time="0.0" classname="com.selenium.test.testng.tests.Checks.TestNullParams">
    <skipped/>
  </testcase> <!-- @BeforeMethod befTest -->
  <testcase name="@BeforeMethod befTest" time="0.0" classname="com.selenium.test.testng.tests.Checks.TestNullParams">
    <skipped/>
  </testcase> <!-- @BeforeMethod befTest -->
  <testcase name="@BeforeMethod befTest" time="0.0" classname="com.selenium.test.testng.tests.Checks.TestNullParams">
    <skipped/>
  </testcase> <!-- @BeforeMethod befTest -->
  <testcase name="@BeforeMethod befTest" time="0.0" classname="com.selenium.test.testng.tests.Checks.TestNullParams">
    <skipped/>
  </testcase> <!-- @BeforeMethod befTest -->
  <testcase name="@BeforeMethod befTest" time="0.0" classname="com.selenium.test.testng.tests.Checks.TestNullParams">
    <skipped/>
  </testcase> <!-- @BeforeMethod befTest -->
  <testcase name="@BeforeMethod befTest" time="0.0" classname="com.selenium.test.testng.tests.Checks.TestNullParams">
    <skipped/>
  </testcase> <!-- @BeforeMethod befTest -->
  <testcase name="@BeforeMethod befTest" time="0.0" classname="com.selenium.test.testng.tests.Checks.TestNullParams">
    <skipped/>
  </testcase> <!-- @BeforeMethod befTest -->
  <testcase name="@BeforeMethod befTest" time="0.0" classname="com.selenium.test.testng.tests.Checks.TestNullParams">
    <skipped/>
  </testcase> <!-- @BeforeMethod befTest -->
  <testcase name="@BeforeMethod befTest" time="0.0" classname="com.selenium.test.testng.tests.Checks.TestNullParams">
    <skipped/>
  </testcase> <!-- @BeforeMethod befTest -->
  <testcase name="@BeforeMethod befTest" time="0.0" classname="com.selenium.test.testng.tests.Checks.TestNullParams">
    <skipped/>
  </testcase> <!-- @BeforeMethod befTest -->
  <testcase name="@BeforeMethod befTest" time="0.0" classname="com.selenium.test.testng.tests.Checks.TestNullParams">
    <skipped/>
  </testcase> <!-- @BeforeMethod befTest -->
  <testcase name="@BeforeMethod befTest" time="0.0" classname="com.selenium.test.testng.tests.Checks.TestNullParams">
    <skipped/>
  </testcase> <!-- @BeforeMethod befTest -->
  <testcase name="@BeforeMethod befTest" time="0.0" classname="com.selenium.test.testng.tests.Checks.TestNullParams">
    <skipped/>
  </testcase> <!-- @BeforeMethod befTest -->
  <testcase name="@BeforeMethod befTest" time="0.0" classname="com.selenium.test.testng.tests.Checks.TestNullParams">
    <skipped/>
  </testcase> <!-- @BeforeMethod befTest -->
  <testcase name="@BeforeMethod befTest" time="0.0" classname="com.selenium.test.testng.tests.Checks.TestNullParams">
    <skipped/>
  </testcase> <!-- @BeforeMethod befTest -->
  <testcase name="@BeforeMethod befTest" time="0.0" classname="com.selenium.test.testng.tests.Checks.TestNullParams">
    <skipped/>
  </testcase> <!-- @BeforeMethod befTest -->
  <testcase name="@BeforeMethod befTest" time="0.0" classname="com.selenium.test.testng.tests.Checks.TestNullParams">
    <skipped/>
  </testcase> <!-- @BeforeMethod befTest -->
  <testcase name="@BeforeMethod befTest" time="0.0" classname="com.selenium.test.testng.tests.Checks.TestNullParams">
    <skipped/>
  </testcase> <!-- @BeforeMethod befTest -->
  <testcase name="@BeforeMethod befTest" time="0.0" classname="com.selenium.test.testng.tests.Checks.TestNullParams">
    <skipped/>
  </testcase> <!-- @BeforeMethod befTest -->
  <testcase name="@BeforeMethod befTest" time="0.0" classname="com.selenium.test.testng.tests.Checks.TestNullParams">
    <skipped/>
  </testcase> <!-- @BeforeMethod befTest -->
  <testcase name="@BeforeClass befClass" time="0.01" classname="com.selenium.test.testng.tests.Checks.TestViewObjectApproved">
    <failure type="java.lang.ClassCastException" message="org.openqa.selenium.remote.service.DriverCommandExecutor cannot be cast to org.openqa.selenium.firefox.FirefoxDriver$LazyCommandExecutor">
      <![CDATA[java.lang.ClassCastException: org.openqa.selenium.remote.service.DriverCommandExecutor cannot be cast to org.openqa.selenium.firefox.FirefoxDriver$LazyCommandExecutor
	at org.openqa.selenium.firefox.FirefoxDriver.startClient(FirefoxDriver.java:325)
	at org.openqa.selenium.remote.RemoteWebDriver.<init>(RemoteWebDriver.java:119)
	at org.openqa.selenium.firefox.FirefoxDriver.<init>(FirefoxDriver.java:218)
	at org.openqa.selenium.firefox.FirefoxDriver.<init>(FirefoxDriver.java:125)
	at org.openqa.selenium.firefox.FirefoxDriver.<init>(FirefoxDriver.java:150)
	at com.codeborne.selenide.webdriver.WebDriverFactory.createFirefoxDriver(WebDriverFactory.java:191)
	at com.codeborne.selenide.webdriver.WebDriverFactory.createWebDriver(WebDriverFactory.java:50)
	at com.codeborne.selenide.impl.WebDriverThreadLocalContainer.createDriver(WebDriverThreadLocalContainer.java:240)
	at com.codeborne.selenide.impl.WebDriverThreadLocalContainer.getAndCheckWebDriver(WebDriverThreadLocalContainer.java:113)
	at com.codeborne.selenide.WebDriverRunner.getAndCheckWebDriver(WebDriverRunner.java:136)
	at com.codeborne.selenide.impl.Navigator.navigateToAbsoluteUrl(Navigator.java:69)
	at com.codeborne.selenide.impl.Navigator.open(Navigator.java:32)
	at com.codeborne.selenide.Selenide.open(Selenide.java:82)
	at com.codeborne.selenide.Selenide.open(Selenide.java:56)
	at com.selenium.test.testng.tests.Checks.TestProcedures.autorisationUser(TestProcedures.java:98)
	at com.selenium.test.testng.tests.Checks.TestViewObjectApproved.befClass(TestViewObjectApproved.java:19)
... Removed 35 stack frames]]>
    </failure>
  </testcase> <!-- @BeforeClass befClass -->
  <testcase name="@BeforeMethod befTest" time="0.0" classname="com.selenium.test.testng.tests.Checks.TestViewObjectApproved">
    <skipped/>
  </testcase> <!-- @BeforeMethod befTest -->
  <testcase name="@BeforeMethod befTest" time="0.0" classname="com.selenium.test.testng.tests.Checks.TestViewObjectApproved">
    <skipped/>
  </testcase> <!-- @BeforeMethod befTest -->
  <testcase name="@BeforeMethod befTest" time="0.0" classname="com.selenium.test.testng.tests.Checks.TestViewObjectApproved">
    <skipped/>
  </testcase> <!-- @BeforeMethod befTest -->
  <testcase name="@BeforeMethod befTest" time="0.0" classname="com.selenium.test.testng.tests.Checks.TestViewObjectApproved">
    <skipped/>
  </testcase> <!-- @BeforeMethod befTest -->
  <testcase name="@BeforeMethod befTest" time="0.0" classname="com.selenium.test.testng.tests.Checks.TestViewObjectApproved">
    <skipped/>
  </testcase> <!-- @BeforeMethod befTest -->
  <testcase name="@BeforeMethod befTest" time="0.0" classname="com.selenium.test.testng.tests.Checks.TestViewObjectApproved">
    <skipped/>
  </testcase> <!-- @BeforeMethod befTest -->
  <testcase name="@BeforeMethod befTest" time="0.0" classname="com.selenium.test.testng.tests.Checks.TestViewObjectApproved">
    <skipped/>
  </testcase> <!-- @BeforeMethod befTest -->
  <testcase name="@BeforeMethod befTest" time="0.0" classname="com.selenium.test.testng.tests.Checks.TestViewObjectApproved">
    <skipped/>
  </testcase> <!-- @BeforeMethod befTest -->
  <testcase name="@BeforeMethod befTest" time="0.0" classname="com.selenium.test.testng.tests.Checks.TestViewObjectApproved">
    <skipped/>
  </testcase> <!-- @BeforeMethod befTest -->
  <testcase name="@BeforeMethod befTest" time="0.0" classname="com.selenium.test.testng.tests.Checks.TestViewObjectApproved">
    <skipped/>
  </testcase> <!-- @BeforeMethod befTest -->
  <testcase name="@BeforeMethod befTest" time="0.0" classname="com.selenium.test.testng.tests.Checks.TestViewObjectApproved">
    <skipped/>
  </testcase> <!-- @BeforeMethod befTest -->
  <testcase name="@BeforeMethod befTest" time="0.0" classname="com.selenium.test.testng.tests.Checks.TestViewObjectApproved">
    <skipped/>
  </testcase> <!-- @BeforeMethod befTest -->
  <testcase name="@BeforeMethod befTest" time="0.0" classname="com.selenium.test.testng.tests.Checks.TestViewObjectApproved">
    <skipped/>
  </testcase> <!-- @BeforeMethod befTest -->
  <testcase name="@BeforeMethod befTest" time="0.0" classname="com.selenium.test.testng.tests.Checks.TestViewObjectApproved">
    <skipped/>
  </testcase> <!-- @BeforeMethod befTest -->
  <testcase name="@BeforeMethod befTest" time="0.0" classname="com.selenium.test.testng.tests.Checks.TestViewObjectApproved">
    <skipped/>
  </testcase> <!-- @BeforeMethod befTest -->
  <testcase name="@BeforeMethod befTest" time="0.0" classname="com.selenium.test.testng.tests.Checks.TestViewObjectApproved">
    <skipped/>
  </testcase> <!-- @BeforeMethod befTest -->
  <testcase name="@BeforeMethod befTest" time="0.0" classname="com.selenium.test.testng.tests.Checks.TestViewObjectApproved">
    <skipped/>
  </testcase> <!-- @BeforeMethod befTest -->
  <testcase name="@BeforeMethod befTest" time="0.0" classname="com.selenium.test.testng.tests.Checks.TestViewObjectApproved">
    <skipped/>
  </testcase> <!-- @BeforeMethod befTest -->
  <testcase name="@BeforeMethod befTest" time="0.0" classname="com.selenium.test.testng.tests.Checks.TestViewObjectApproved">
    <skipped/>
  </testcase> <!-- @BeforeMethod befTest -->
  <testcase name="@BeforeMethod befTest" time="0.0" classname="com.selenium.test.testng.tests.Checks.TestViewObjectApproved">
    <skipped/>
  </testcase> <!-- @BeforeMethod befTest -->
  <testcase name="@BeforeMethod befTest" time="0.0" classname="com.selenium.test.testng.tests.Checks.TestViewObjectApproved">
    <skipped/>
  </testcase> <!-- @BeforeMethod befTest -->
  <testcase name="@BeforeMethod befTest" time="0.0" classname="com.selenium.test.testng.tests.Checks.TestViewObjectApproved">
    <skipped/>
  </testcase> <!-- @BeforeMethod befTest -->
  <testcase name="@BeforeMethod befTest" time="0.0" classname="com.selenium.test.testng.tests.Checks.TestViewObjectApproved">
    <skipped/>
  </testcase> <!-- @BeforeMethod befTest -->
  <testcase name="@BeforeMethod befTest" time="0.0" classname="com.selenium.test.testng.tests.Checks.TestViewObjectApproved">
    <skipped/>
  </testcase> <!-- @BeforeMethod befTest -->
  <testcase name="@BeforeMethod befTest" time="0.0" classname="com.selenium.test.testng.tests.Checks.TestViewObjectApproved">
    <skipped/>
  </testcase> <!-- @BeforeMethod befTest -->
  <testcase name="@BeforeMethod befTest" time="0.0" classname="com.selenium.test.testng.tests.Checks.TestViewObjectApproved">
    <skipped/>
  </testcase> <!-- @BeforeMethod befTest -->
  <testcase name="@BeforeMethod befTest" time="0.0" classname="com.selenium.test.testng.tests.Checks.TestViewObjectApproved">
    <skipped/>
  </testcase> <!-- @BeforeMethod befTest -->
  <testcase name="@BeforeMethod befTest" time="0.0" classname="com.selenium.test.testng.tests.Checks.TestViewObjectApproved">
    <skipped/>
  </testcase> <!-- @BeforeMethod befTest -->
  <testcase name="@BeforeMethod befTest" time="0.0" classname="com.selenium.test.testng.tests.Checks.TestViewObjectApproved">
    <skipped/>
  </testcase> <!-- @BeforeMethod befTest -->
  <testcase name="@BeforeMethod befTest" time="0.0" classname="com.selenium.test.testng.tests.Checks.TestViewObjectApproved">
    <skipped/>
  </testcase> <!-- @BeforeMethod befTest -->
  <testcase name="@BeforeMethod befTest" time="0.0" classname="com.selenium.test.testng.tests.Checks.TestViewObjectApproved">
    <skipped/>
  </testcase> <!-- @BeforeMethod befTest -->
  <testcase name="@BeforeMethod befTest" time="0.0" classname="com.selenium.test.testng.tests.Checks.TestViewObjectApproved">
    <skipped/>
  </testcase> <!-- @BeforeMethod befTest -->
  <testcase name="@BeforeMethod befTest" time="0.0" classname="com.selenium.test.testng.tests.Checks.TestViewObjectApproved">
    <skipped/>
  </testcase> <!-- @BeforeMethod befTest -->
  <testcase name="@BeforeMethod befTest" time="0.0" classname="com.selenium.test.testng.tests.Checks.TestViewObjectApproved">
    <skipped/>
  </testcase> <!-- @BeforeMethod befTest -->
  <testcase name="@BeforeClass Test111" time="0.014" classname="com.selenium.test.testng.tests.TestLogin">
    <failure type="java.lang.ClassCastException" message="org.openqa.selenium.remote.service.DriverCommandExecutor cannot be cast to org.openqa.selenium.firefox.FirefoxDriver$LazyCommandExecutor">
      <![CDATA[java.lang.ClassCastException: org.openqa.selenium.remote.service.DriverCommandExecutor cannot be cast to org.openqa.selenium.firefox.FirefoxDriver$LazyCommandExecutor
	at org.openqa.selenium.firefox.FirefoxDriver.startClient(FirefoxDriver.java:325)
	at org.openqa.selenium.remote.RemoteWebDriver.<init>(RemoteWebDriver.java:119)
	at org.openqa.selenium.firefox.FirefoxDriver.<init>(FirefoxDriver.java:218)
	at org.openqa.selenium.firefox.FirefoxDriver.<init>(FirefoxDriver.java:125)
	at org.openqa.selenium.firefox.FirefoxDriver.<init>(FirefoxDriver.java:150)
	at com.codeborne.selenide.webdriver.WebDriverFactory.createFirefoxDriver(WebDriverFactory.java:191)
	at com.codeborne.selenide.webdriver.WebDriverFactory.createWebDriver(WebDriverFactory.java:50)
	at com.codeborne.selenide.impl.WebDriverThreadLocalContainer.createDriver(WebDriverThreadLocalContainer.java:240)
	at com.codeborne.selenide.impl.WebDriverThreadLocalContainer.getAndCheckWebDriver(WebDriverThreadLocalContainer.java:113)
	at com.codeborne.selenide.WebDriverRunner.getAndCheckWebDriver(WebDriverRunner.java:136)
	at com.codeborne.selenide.impl.Navigator.navigateToAbsoluteUrl(Navigator.java:69)
	at com.codeborne.selenide.impl.Navigator.open(Navigator.java:32)
	at com.codeborne.selenide.Selenide.open(Selenide.java:82)
	at com.codeborne.selenide.Selenide.open(Selenide.java:56)
	at com.selenium.test.testng.tests.odsTestReestr.TestProcedures.openLoginPage(TestProcedures.java:88)
	at com.selenium.test.testng.tests.TestLogin.Test111(TestLogin.java:18)
... Removed 35 stack frames]]>
    </failure>
  </testcase> <!-- @BeforeClass Test111 -->
  <testcase name="@BeforeClass befClass" time="0.028" classname="com.selenium.test.testng.tests.Checks.TestViewObjectProject">
    <failure type="java.lang.ClassCastException" message="org.openqa.selenium.remote.service.DriverCommandExecutor cannot be cast to org.openqa.selenium.firefox.FirefoxDriver$LazyCommandExecutor">
      <![CDATA[java.lang.ClassCastException: org.openqa.selenium.remote.service.DriverCommandExecutor cannot be cast to org.openqa.selenium.firefox.FirefoxDriver$LazyCommandExecutor
	at org.openqa.selenium.firefox.FirefoxDriver.startClient(FirefoxDriver.java:325)
	at org.openqa.selenium.remote.RemoteWebDriver.<init>(RemoteWebDriver.java:119)
	at org.openqa.selenium.firefox.FirefoxDriver.<init>(FirefoxDriver.java:218)
	at org.openqa.selenium.firefox.FirefoxDriver.<init>(FirefoxDriver.java:125)
	at org.openqa.selenium.firefox.FirefoxDriver.<init>(FirefoxDriver.java:150)
	at com.codeborne.selenide.webdriver.WebDriverFactory.createFirefoxDriver(WebDriverFactory.java:191)
	at com.codeborne.selenide.webdriver.WebDriverFactory.createWebDriver(WebDriverFactory.java:50)
	at com.codeborne.selenide.impl.WebDriverThreadLocalContainer.createDriver(WebDriverThreadLocalContainer.java:240)
	at com.codeborne.selenide.impl.WebDriverThreadLocalContainer.getAndCheckWebDriver(WebDriverThreadLocalContainer.java:113)
	at com.codeborne.selenide.WebDriverRunner.getAndCheckWebDriver(WebDriverRunner.java:136)
	at com.codeborne.selenide.impl.Navigator.navigateToAbsoluteUrl(Navigator.java:69)
	at com.codeborne.selenide.impl.Navigator.open(Navigator.java:32)
	at com.codeborne.selenide.Selenide.open(Selenide.java:82)
	at com.codeborne.selenide.Selenide.open(Selenide.java:56)
	at com.selenium.test.testng.tests.Checks.TestProcedures.autorisationUser(TestProcedures.java:98)
	at com.selenium.test.testng.tests.Checks.TestViewObjectProject.befClass(TestViewObjectProject.java:19)
... Removed 35 stack frames]]>
    </failure>
  </testcase> <!-- @BeforeClass befClass -->
  <testcase name="@BeforeMethod befTest" time="0.0" classname="com.selenium.test.testng.tests.Checks.TestViewObjectProject">
    <skipped/>
  </testcase> <!-- @BeforeMethod befTest -->
  <testcase name="@BeforeMethod befTest" time="0.0" classname="com.selenium.test.testng.tests.Checks.TestViewObjectProject">
    <skipped/>
  </testcase> <!-- @BeforeMethod befTest -->
  <testcase name="@BeforeMethod befTest" time="0.0" classname="com.selenium.test.testng.tests.Checks.TestViewObjectProject">
    <skipped/>
  </testcase> <!-- @BeforeMethod befTest -->
  <testcase name="@BeforeMethod befTest" time="0.0" classname="com.selenium.test.testng.tests.Checks.TestViewObjectProject">
    <skipped/>
  </testcase> <!-- @BeforeMethod befTest -->
  <testcase name="@BeforeMethod befTest" time="0.0" classname="com.selenium.test.testng.tests.Checks.TestViewObjectProject">
    <skipped/>
  </testcase> <!-- @BeforeMethod befTest -->
  <testcase name="@BeforeMethod befTest" time="0.0" classname="com.selenium.test.testng.tests.Checks.TestViewObjectProject">
    <skipped/>
  </testcase> <!-- @BeforeMethod befTest -->
  <testcase name="@BeforeMethod befTest" time="0.0" classname="com.selenium.test.testng.tests.Checks.TestViewObjectProject">
    <skipped/>
  </testcase> <!-- @BeforeMethod befTest -->
  <testcase name="@BeforeMethod befTest" time="0.0" classname="com.selenium.test.testng.tests.Checks.TestViewObjectProject">
    <skipped/>
  </testcase> <!-- @BeforeMethod befTest -->
  <testcase name="@BeforeMethod befTest" time="0.0" classname="com.selenium.test.testng.tests.Checks.TestViewObjectProject">
    <skipped/>
  </testcase> <!-- @BeforeMethod befTest -->
  <testcase name="@BeforeMethod befTest" time="0.0" classname="com.selenium.test.testng.tests.Checks.TestViewObjectProject">
    <skipped/>
  </testcase> <!-- @BeforeMethod befTest -->
  <testcase name="@BeforeMethod befTest" time="0.0" classname="com.selenium.test.testng.tests.Checks.TestViewObjectProject">
    <skipped/>
  </testcase> <!-- @BeforeMethod befTest -->
  <testcase name="@BeforeMethod befTest" time="0.0" classname="com.selenium.test.testng.tests.Checks.TestViewObjectProject">
    <skipped/>
  </testcase> <!-- @BeforeMethod befTest -->
  <testcase name="@BeforeMethod befTest" time="0.0" classname="com.selenium.test.testng.tests.Checks.TestViewObjectProject">
    <skipped/>
  </testcase> <!-- @BeforeMethod befTest -->
  <testcase name="@BeforeMethod befTest" time="0.0" classname="com.selenium.test.testng.tests.Checks.TestViewObjectProject">
    <skipped/>
  </testcase> <!-- @BeforeMethod befTest -->
  <testcase name="@BeforeMethod befTest" time="0.0" classname="com.selenium.test.testng.tests.Checks.TestViewObjectProject">
    <skipped/>
  </testcase> <!-- @BeforeMethod befTest -->
  <testcase name="@BeforeMethod befTest" time="0.0" classname="com.selenium.test.testng.tests.Checks.TestViewObjectProject">
    <skipped/>
  </testcase> <!-- @BeforeMethod befTest -->
  <testcase name="@BeforeMethod befTest" time="0.0" classname="com.selenium.test.testng.tests.Checks.TestViewObjectProject">
    <skipped/>
  </testcase> <!-- @BeforeMethod befTest -->
  <testcase name="@BeforeMethod befTest" time="0.0" classname="com.selenium.test.testng.tests.Checks.TestViewObjectProject">
    <skipped/>
  </testcase> <!-- @BeforeMethod befTest -->
  <testcase name="@BeforeMethod befTest" time="0.0" classname="com.selenium.test.testng.tests.Checks.TestViewObjectProject">
    <skipped/>
  </testcase> <!-- @BeforeMethod befTest -->
  <testcase name="@BeforeMethod befTest" time="0.0" classname="com.selenium.test.testng.tests.Checks.TestViewObjectProject">
    <skipped/>
  </testcase> <!-- @BeforeMethod befTest -->
  <testcase name="@BeforeMethod befTest" time="0.0" classname="com.selenium.test.testng.tests.Checks.TestViewObjectProject">
    <skipped/>
  </testcase> <!-- @BeforeMethod befTest -->
  <testcase name="@BeforeMethod befTest" time="0.0" classname="com.selenium.test.testng.tests.Checks.TestViewObjectProject">
    <skipped/>
  </testcase> <!-- @BeforeMethod befTest -->
  <testcase name="@BeforeMethod befTest" time="0.0" classname="com.selenium.test.testng.tests.Checks.TestViewObjectProject">
    <skipped/>
  </testcase> <!-- @BeforeMethod befTest -->
  <testcase name="@BeforeMethod befTest" time="0.0" classname="com.selenium.test.testng.tests.Checks.TestViewObjectProject">
    <skipped/>
  </testcase> <!-- @BeforeMethod befTest -->
  <testcase name="@BeforeMethod befTest" time="0.0" classname="com.selenium.test.testng.tests.Checks.TestViewObjectProject">
    <skipped/>
  </testcase> <!-- @BeforeMethod befTest -->
  <testcase name="@BeforeMethod befTest" time="0.0" classname="com.selenium.test.testng.tests.Checks.TestViewObjectProject">
    <skipped/>
  </testcase> <!-- @BeforeMethod befTest -->
  <testcase name="@BeforeMethod befTest" time="0.0" classname="com.selenium.test.testng.tests.Checks.TestViewObjectProject">
    <skipped/>
  </testcase> <!-- @BeforeMethod befTest -->
  <testcase name="@BeforeMethod befTest" time="0.0" classname="com.selenium.test.testng.tests.Checks.TestViewObjectProject">
    <skipped/>
  </testcase> <!-- @BeforeMethod befTest -->
  <testcase name="@BeforeMethod befTest" time="0.0" classname="com.selenium.test.testng.tests.Checks.TestViewObjectProject">
    <skipped/>
  </testcase> <!-- @BeforeMethod befTest -->
  <testcase name="@BeforeMethod befTest" time="0.0" classname="com.selenium.test.testng.tests.Checks.TestViewObjectProject">
    <skipped/>
  </testcase> <!-- @BeforeMethod befTest -->
  <testcase name="@BeforeMethod befTest" time="0.0" classname="com.selenium.test.testng.tests.Checks.TestViewObjectProject">
    <skipped/>
  </testcase> <!-- @BeforeMethod befTest -->
  <testcase name="@BeforeMethod befTest" time="0.0" classname="com.selenium.test.testng.tests.Checks.TestViewObjectProject">
    <skipped/>
  </testcase> <!-- @BeforeMethod befTest -->
  <testcase name="@BeforeMethod befTest" time="0.0" classname="com.selenium.test.testng.tests.Checks.TestViewObjectProject">
    <skipped/>
  </testcase> <!-- @BeforeMethod befTest -->
  <testcase name="@BeforeMethod befTest" time="0.0" classname="com.selenium.test.testng.tests.Checks.TestViewObjectProject">
    <skipped/>
  </testcase> <!-- @BeforeMethod befTest -->
  <testcase name="testSearch" time="0.41" classname="com.selenium.test.testng.tests.PageObjectTest">
    <failure type="java.lang.ClassCastException" message="org.openqa.selenium.remote.service.DriverCommandExecutor cannot be cast to org.openqa.selenium.firefox.FirefoxDriver$LazyCommandExecutor">
      <![CDATA[java.lang.ClassCastException: org.openqa.selenium.remote.service.DriverCommandExecutor cannot be cast to org.openqa.selenium.firefox.FirefoxDriver$LazyCommandExecutor
	at org.openqa.selenium.firefox.FirefoxDriver.startClient(FirefoxDriver.java:325)
	at org.openqa.selenium.remote.RemoteWebDriver.<init>(RemoteWebDriver.java:119)
	at org.openqa.selenium.firefox.FirefoxDriver.<init>(FirefoxDriver.java:218)
	at org.openqa.selenium.firefox.FirefoxDriver.<init>(FirefoxDriver.java:125)
	at org.openqa.selenium.firefox.FirefoxDriver.<init>(FirefoxDriver.java:150)
	at com.codeborne.selenide.webdriver.WebDriverFactory.createFirefoxDriver(WebDriverFactory.java:191)
	at com.codeborne.selenide.webdriver.WebDriverFactory.createWebDriver(WebDriverFactory.java:50)
	at com.codeborne.selenide.impl.WebDriverThreadLocalContainer.createDriver(WebDriverThreadLocalContainer.java:240)
	at com.codeborne.selenide.impl.WebDriverThreadLocalContainer.getAndCheckWebDriver(WebDriverThreadLocalContainer.java:113)
	at com.codeborne.selenide.WebDriverRunner.getAndCheckWebDriver(WebDriverRunner.java:136)
	at com.codeborne.selenide.impl.Navigator.navigateToAbsoluteUrl(Navigator.java:69)
	at com.codeborne.selenide.impl.Navigator.open(Navigator.java:32)
	at com.codeborne.selenide.Selenide.open(Selenide.java:82)
	at com.codeborne.selenide.Selenide.open(Selenide.java:151)
	at com.codeborne.selenide.Selenide.open(Selenide.java:132)
	at com.selenium.test.testng.tests.PageObjectTest.testSearch(PageObjectTest.java:23)
... Removed 35 stack frames]]>
    </failure>
  </testcase> <!-- testSearch -->
  <testcase name="Improvement_Territory_All_Fields" time="0.0" classname="com.selenium.test.testng.tests.Checks.TestAllFields">
    <skipped/>
  </testcase> <!-- Improvement_Territory_All_Fields -->
  <testcase name="improvementTerritory1" time="0.0" classname="com.selenium.test.testng.tests.Checks.TestRequiredParameters">
    <skipped/>
  </testcase> <!-- improvementTerritory1 -->
  <testcase name="requiredBoardStone" time="0.0" classname="com.selenium.test.testng.tests.Checks.TestRequiredParameters">
    <skipped/>
  </testcase> <!-- requiredBoardStone -->
  <testcase name="requiredParametersBuilding" time="0.0" classname="com.selenium.test.testng.tests.Checks.TestRequiredParameters">
    <skipped/>
  </testcase> <!-- requiredParametersBuilding -->
  <testcase name="requiredParametersCarriageway" time="0.0" classname="com.selenium.test.testng.tests.Checks.TestRequiredParameters">
    <skipped/>
  </testcase> <!-- requiredParametersCarriageway -->
  <testcase name="requiredParametersContainer" time="0.0" classname="com.selenium.test.testng.tests.Checks.TestRequiredParameters">
    <skipped/>
  </testcase> <!-- requiredParametersContainer -->
  <testcase name="requiredParametersDts" time="0.0" classname="com.selenium.test.testng.tests.Checks.TestRequiredParameters">
    <skipped/>
  </testcase> <!-- requiredParametersDts -->
  <testcase name="requiredParametersEnvironmentProtection" time="0.0" classname="com.selenium.test.testng.tests.Checks.TestRequiredParameters">
    <skipped/>
  </testcase> <!-- requiredParametersEnvironmentProtection -->
  <testcase name="requiredParametersFencing" time="0.0" classname="com.selenium.test.testng.tests.Checks.TestRequiredParameters">
    <skipped/>
  </testcase> <!-- requiredParametersFencing -->
  <testcase name="requiredParametersFlowersGarden" time="0.0" classname="com.selenium.test.testng.tests.Checks.TestRequiredParameters">
    <skipped/>
  </testcase> <!-- requiredParametersFlowersGarden -->
  <testcase name="requiredParametersFunctionality" time="0.0" classname="com.selenium.test.testng.tests.Checks.TestRequiredParameters">
    <skipped/>
  </testcase> <!-- requiredParametersFunctionality -->
  <testcase name="requiredParametersLampposts" time="0.0" classname="com.selenium.test.testng.tests.Checks.TestRequiredParameters">
    <skipped/>
  </testcase> <!-- requiredParametersLampposts -->
  <testcase name="requiredParametersLawn" time="0.0" classname="com.selenium.test.testng.tests.Checks.TestRequiredParameters">
    <skipped/>
  </testcase> <!-- requiredParametersLawn -->
  <testcase name="requiredParametersLawns" time="0.0" classname="com.selenium.test.testng.tests.Checks.TestRequiredParameters">
    <skipped/>
  </testcase> <!-- requiredParametersLawns -->
  <testcase name="requiredParametersLittleForm" time="0.0" classname="com.selenium.test.testng.tests.Checks.TestRequiredParameters">
    <skipped/>
  </testcase> <!-- requiredParametersLittleForm -->
  <testcase name="requiredParametersMAF" time="0.0" classname="com.selenium.test.testng.tests.Checks.TestRequiredParameters">
    <skipped/>
  </testcase> <!-- requiredParametersMAF -->
  <testcase name="requiredParametersManholes" time="0.0" classname="com.selenium.test.testng.tests.Checks.TestRequiredParameters">
    <skipped/>
  </testcase> <!-- requiredParametersManholes -->
  <testcase name="requiredParametersMargin" time="0.0" classname="com.selenium.test.testng.tests.Checks.TestRequiredParameters">
    <skipped/>
  </testcase> <!-- requiredParametersMargin -->
  <testcase name="requiredParametersODH" time="0.0" classname="com.selenium.test.testng.tests.Checks.TestRequiredParameters">
    <skipped/>
  </testcase> <!-- requiredParametersODH -->
  <testcase name="requiredParametersOtherEnginConstruct" time="0.0" classname="com.selenium.test.testng.tests.Checks.TestRequiredParameters">
    <skipped/>
  </testcase> <!-- requiredParametersOtherEnginConstruct -->
  <testcase name="requiredParametersOtherFlatBuilding" time="0.0" classname="com.selenium.test.testng.tests.Checks.TestRequiredParameters">
    <skipped/>
  </testcase> <!-- requiredParametersOtherFlatBuilding -->
  <testcase name="requiredParametersPlanarStructure" time="0.0" classname="com.selenium.test.testng.tests.Checks.TestRequiredParameters">
    <skipped/>
  </testcase> <!-- requiredParametersPlanarStructure -->
  <testcase name="requiredParametersPpi" time="0.0" classname="com.selenium.test.testng.tests.Checks.TestRequiredParameters">
    <skipped/>
  </testcase> <!-- requiredParametersPpi -->
  <testcase name="requiredParametersRelief" time="0.0" classname="com.selenium.test.testng.tests.Checks.TestRequiredParameters">
    <skipped/>
  </testcase> <!-- requiredParametersRelief -->
  <testcase name="requiredParametersRoadMark" time="0.0" classname="com.selenium.test.testng.tests.Checks.TestRequiredParameters">
    <skipped/>
  </testcase> <!-- requiredParametersRoadMark -->
  <testcase name="requiredParametersRoadSigns" time="0.0" classname="com.selenium.test.testng.tests.Checks.TestRequiredParameters">
    <skipped/>
  </testcase> <!-- requiredParametersRoadSigns -->
  <testcase name="requiredParametersShrubs" time="0.0" classname="com.selenium.test.testng.tests.Checks.TestRequiredParameters">
    <skipped/>
  </testcase> <!-- requiredParametersShrubs -->
  <testcase name="requiredParametersSidewalks" time="0.0" classname="com.selenium.test.testng.tests.Checks.TestRequiredParameters">
    <skipped/>
  </testcase> <!-- requiredParametersSidewalks -->
  <testcase name="requiredParametersStops" time="0.0" classname="com.selenium.test.testng.tests.Checks.TestRequiredParameters">
    <skipped/>
  </testcase> <!-- requiredParametersStops -->
  <testcase name="requiredParametersStoragePlace" time="0.0" classname="com.selenium.test.testng.tests.Checks.TestRequiredParameters">
    <skipped/>
  </testcase> <!-- requiredParametersStoragePlace -->
  <testcase name="requiredParametersTechPlace" time="0.0" classname="com.selenium.test.testng.tests.Checks.TestRequiredParameters">
    <skipped/>
  </testcase> <!-- requiredParametersTechPlace -->
  <testcase name="requiredParametersTrafficLight" time="0.0" classname="com.selenium.test.testng.tests.Checks.TestRequiredParameters">
    <skipped/>
  </testcase> <!-- requiredParametersTrafficLight -->
  <testcase name="requiredParametersTram_rails" time="0.0" classname="com.selenium.test.testng.tests.Checks.TestRequiredParameters">
    <skipped/>
  </testcase> <!-- requiredParametersTram_rails -->
  <testcase name="requiredParametersTrees" time="0.0" classname="com.selenium.test.testng.tests.Checks.TestRequiredParameters">
    <skipped/>
  </testcase> <!-- requiredParametersTrees -->
  <testcase name="requiredParametersTrolleybusContNetwork" time="0.0" classname="com.selenium.test.testng.tests.Checks.TestRequiredParameters">
    <skipped/>
  </testcase> <!-- requiredParametersTrolleybusContNetwork -->
  <testcase name="testFillGoogleForm" time="0.01" classname="com.selenium.test.testng.tests.SimpleTest">
    <failure type="java.lang.ClassCastException" message="org.openqa.selenium.remote.service.DriverCommandExecutor cannot be cast to org.openqa.selenium.firefox.FirefoxDriver$LazyCommandExecutor">
      <![CDATA[java.lang.ClassCastException: org.openqa.selenium.remote.service.DriverCommandExecutor cannot be cast to org.openqa.selenium.firefox.FirefoxDriver$LazyCommandExecutor
	at org.openqa.selenium.firefox.FirefoxDriver.startClient(FirefoxDriver.java:325)
	at org.openqa.selenium.remote.RemoteWebDriver.<init>(RemoteWebDriver.java:119)
	at org.openqa.selenium.firefox.FirefoxDriver.<init>(FirefoxDriver.java:218)
	at org.openqa.selenium.firefox.FirefoxDriver.<init>(FirefoxDriver.java:125)
	at org.openqa.selenium.firefox.FirefoxDriver.<init>(FirefoxDriver.java:150)
	at com.codeborne.selenide.webdriver.WebDriverFactory.createFirefoxDriver(WebDriverFactory.java:191)
	at com.codeborne.selenide.webdriver.WebDriverFactory.createWebDriver(WebDriverFactory.java:50)
	at com.codeborne.selenide.impl.WebDriverThreadLocalContainer.createDriver(WebDriverThreadLocalContainer.java:240)
	at com.codeborne.selenide.impl.WebDriverThreadLocalContainer.getAndCheckWebDriver(WebDriverThreadLocalContainer.java:113)
	at com.codeborne.selenide.WebDriverRunner.getAndCheckWebDriver(WebDriverRunner.java:136)
	at com.codeborne.selenide.impl.Navigator.navigateToAbsoluteUrl(Navigator.java:69)
	at com.codeborne.selenide.impl.Navigator.open(Navigator.java:32)
	at com.codeborne.selenide.Selenide.open(Selenide.java:82)
	at com.codeborne.selenide.Selenide.open(Selenide.java:56)
	at com.selenium.test.testng.tests.SimpleTest.testFillGoogleForm(SimpleTest.java:25)
... Removed 35 stack frames]]>
    </failure>
  </testcase> <!-- testFillGoogleForm -->
  <testcase name="boardStone" time="0.0" classname="com.selenium.test.testng.tests.Checks.TestNullParams">
    <skipped/>
  </testcase> <!-- boardStone -->
  <testcase name="buildingObject" time="0.0" classname="com.selenium.test.testng.tests.Checks.TestNullParams">
    <skipped/>
  </testcase> <!-- buildingObject -->
  <testcase name="carriagewayObject" time="0.0" classname="com.selenium.test.testng.tests.Checks.TestNullParams">
    <skipped/>
  </testcase> <!-- carriagewayObject -->
  <testcase name="containerObject" time="0.0" classname="com.selenium.test.testng.tests.Checks.TestNullParams">
    <skipped/>
  </testcase> <!-- containerObject -->
  <testcase name="dtsObject" time="0.0" classname="com.selenium.test.testng.tests.Checks.TestNullParams">
    <skipped/>
  </testcase> <!-- dtsObject -->
  <testcase name="environmentProtection" time="0.0" classname="com.selenium.test.testng.tests.Checks.TestNullParams">
    <skipped/>
  </testcase> <!-- environmentProtection -->
  <testcase name="fencingObject" time="0.0" classname="com.selenium.test.testng.tests.Checks.TestNullParams">
    <skipped/>
  </testcase> <!-- fencingObject -->
  <testcase name="functionalityObject" time="0.0" classname="com.selenium.test.testng.tests.Checks.TestNullParams">
    <skipped/>
  </testcase> <!-- functionalityObject -->
  <testcase name="improvementTerritory1" time="0.0" classname="com.selenium.test.testng.tests.Checks.TestNullParams">
    <skipped/>
  </testcase> <!-- improvementTerritory1 -->
  <testcase name="lampPosts" time="0.0" classname="com.selenium.test.testng.tests.Checks.TestNullParams">
    <skipped/>
  </testcase> <!-- lampPosts -->
  <testcase name="lawnsObject" time="0.0" classname="com.selenium.test.testng.tests.Checks.TestNullParams">
    <skipped/>
  </testcase> <!-- lawnsObject -->
  <testcase name="littleForm" time="0.0" classname="com.selenium.test.testng.tests.Checks.TestNullParams">
    <skipped/>
  </testcase> <!-- littleForm -->
  <testcase name="mafObject" time="0.0" classname="com.selenium.test.testng.tests.Checks.TestNullParams">
    <skipped/>
  </testcase> <!-- mafObject -->
  <testcase name="manholesObject" time="0.0" classname="com.selenium.test.testng.tests.Checks.TestNullParams">
    <skipped/>
  </testcase> <!-- manholesObject -->
  <testcase name="marginObject" time="0.0" classname="com.selenium.test.testng.tests.Checks.TestNullParams">
    <skipped/>
  </testcase> <!-- marginObject -->
  <testcase name="odhObject1" time="0.0" classname="com.selenium.test.testng.tests.Checks.TestNullParams">
    <skipped/>
  </testcase> <!-- odhObject1 -->
  <testcase name="otherEnginConstruct" time="0.0" classname="com.selenium.test.testng.tests.Checks.TestNullParams">
    <skipped/>
  </testcase> <!-- otherEnginConstruct -->
  <testcase name="otherFlatBuilding" time="0.0" classname="com.selenium.test.testng.tests.Checks.TestNullParams">
    <skipped/>
  </testcase> <!-- otherFlatBuilding -->
  <testcase name="planarStructure" time="0.0" classname="com.selenium.test.testng.tests.Checks.TestNullParams">
    <skipped/>
  </testcase> <!-- planarStructure -->
  <testcase name="ppiObject" time="0.0" classname="com.selenium.test.testng.tests.Checks.TestNullParams">
    <skipped/>
  </testcase> <!-- ppiObject -->
  <testcase name="reliefObject" time="0.0" classname="com.selenium.test.testng.tests.Checks.TestNullParams">
    <skipped/>
  </testcase> <!-- reliefObject -->
  <testcase name="roadSigns_10" time="0.0" classname="com.selenium.test.testng.tests.Checks.TestNullParams">
    <skipped/>
  </testcase> <!-- roadSigns_10 -->
  <testcase name="roadmarkObject" time="0.0" classname="com.selenium.test.testng.tests.Checks.TestNullParams">
    <skipped/>
  </testcase> <!-- roadmarkObject -->
  <testcase name="shrubsObject" time="0.0" classname="com.selenium.test.testng.tests.Checks.TestNullParams">
    <skipped/>
  </testcase> <!-- shrubsObject -->
  <testcase name="sidewalksObject" time="0.0" classname="com.selenium.test.testng.tests.Checks.TestNullParams">
    <skipped/>
  </testcase> <!-- sidewalksObject -->
  <testcase name="stopsObject" time="0.0" classname="com.selenium.test.testng.tests.Checks.TestNullParams">
    <skipped/>
  </testcase> <!-- stopsObject -->
  <testcase name="storagePlace" time="0.0" classname="com.selenium.test.testng.tests.Checks.TestNullParams">
    <skipped/>
  </testcase> <!-- storagePlace -->
  <testcase name="trafficLight" time="0.0" classname="com.selenium.test.testng.tests.Checks.TestNullParams">
    <skipped/>
  </testcase> <!-- trafficLight -->
  <testcase name="tramRails" time="0.0" classname="com.selenium.test.testng.tests.Checks.TestNullParams">
    <skipped/>
  </testcase> <!-- tramRails -->
  <testcase name="treesObject" time="0.0" classname="com.selenium.test.testng.tests.Checks.TestNullParams">
    <skipped/>
  </testcase> <!-- treesObject -->
  <testcase name="trolleybusContNetwork" time="0.0" classname="com.selenium.test.testng.tests.Checks.TestNullParams">
    <skipped/>
  </testcase> <!-- trolleybusContNetwork -->
  <testcase name="viewBoardStoneApproved" time="0.0" classname="com.selenium.test.testng.tests.Checks.TestViewObjectApproved">
    <skipped/>
  </testcase> <!-- viewBoardStoneApproved -->
  <testcase name="viewBuildingApproved" time="0.0" classname="com.selenium.test.testng.tests.Checks.TestViewObjectApproved">
    <skipped/>
  </testcase> <!-- viewBuildingApproved -->
  <testcase name="viewCarriagewayApproved" time="0.0" classname="com.selenium.test.testng.tests.Checks.TestViewObjectApproved">
    <skipped/>
  </testcase> <!-- viewCarriagewayApproved -->
  <testcase name="viewContainerApproved" time="0.0" classname="com.selenium.test.testng.tests.Checks.TestViewObjectApproved">
    <skipped/>
  </testcase> <!-- viewContainerApproved -->
  <testcase name="viewDtsApproved" time="0.0" classname="com.selenium.test.testng.tests.Checks.TestViewObjectApproved">
    <skipped/>
  </testcase> <!-- viewDtsApproved -->
  <testcase name="viewEnvironmentProtectionApproved" time="0.0" classname="com.selenium.test.testng.tests.Checks.TestViewObjectApproved">
    <skipped/>
  </testcase> <!-- viewEnvironmentProtectionApproved -->
  <testcase name="viewFencingApproved" time="0.0" classname="com.selenium.test.testng.tests.Checks.TestViewObjectApproved">
    <skipped/>
  </testcase> <!-- viewFencingApproved -->
  <testcase name="viewFlowersGardenApproved" time="0.0" classname="com.selenium.test.testng.tests.Checks.TestViewObjectApproved">
    <skipped/>
  </testcase> <!-- viewFlowersGardenApproved -->
  <testcase name="viewFunctionalityApproved" time="0.0" classname="com.selenium.test.testng.tests.Checks.TestViewObjectApproved">
    <skipped/>
  </testcase> <!-- viewFunctionalityApproved -->
  <testcase name="viewImprovementTerritoryApproved" time="0.0" classname="com.selenium.test.testng.tests.Checks.TestViewObjectApproved">
    <skipped/>
  </testcase> <!-- viewImprovementTerritoryApproved -->
  <testcase name="viewLamppostsApproved" time="0.0" classname="com.selenium.test.testng.tests.Checks.TestViewObjectApproved">
    <skipped/>
  </testcase> <!-- viewLamppostsApproved -->
  <testcase name="viewLawnApproved" time="0.0" classname="com.selenium.test.testng.tests.Checks.TestViewObjectApproved">
    <skipped/>
  </testcase> <!-- viewLawnApproved -->
  <testcase name="viewLawnsApproved" time="0.0" classname="com.selenium.test.testng.tests.Checks.TestViewObjectApproved">
    <skipped/>
  </testcase> <!-- viewLawnsApproved -->
  <testcase name="viewLittleFormApproved" time="0.0" classname="com.selenium.test.testng.tests.Checks.TestViewObjectApproved">
    <skipped/>
  </testcase> <!-- viewLittleFormApproved -->
  <testcase name="viewMafApproved" time="0.0" classname="com.selenium.test.testng.tests.Checks.TestViewObjectApproved">
    <skipped/>
  </testcase> <!-- viewMafApproved -->
  <testcase name="viewManholesApproved" time="0.0" classname="com.selenium.test.testng.tests.Checks.TestViewObjectApproved">
    <skipped/>
  </testcase> <!-- viewManholesApproved -->
  <testcase name="viewMarginApproved" time="0.0" classname="com.selenium.test.testng.tests.Checks.TestViewObjectApproved">
    <skipped/>
  </testcase> <!-- viewMarginApproved -->
  <testcase name="viewODHApproved" time="0.0" classname="com.selenium.test.testng.tests.Checks.TestViewObjectApproved">
    <skipped/>
  </testcase> <!-- viewODHApproved -->
  <testcase name="viewOtherEnginConstructApproved" time="0.0" classname="com.selenium.test.testng.tests.Checks.TestViewObjectApproved">
    <skipped/>
  </testcase> <!-- viewOtherEnginConstructApproved -->
  <testcase name="viewOtherFlatBuildingApproved" time="0.0" classname="com.selenium.test.testng.tests.Checks.TestViewObjectApproved">
    <skipped/>
  </testcase> <!-- viewOtherFlatBuildingApproved -->
  <testcase name="viewPlanarStructureApproved" time="0.0" classname="com.selenium.test.testng.tests.Checks.TestViewObjectApproved">
    <skipped/>
  </testcase> <!-- viewPlanarStructureApproved -->
  <testcase name="viewPpiApproved" time="0.0" classname="com.selenium.test.testng.tests.Checks.TestViewObjectApproved">
    <skipped/>
  </testcase> <!-- viewPpiApproved -->
  <testcase name="viewReliefApproved" time="0.0" classname="com.selenium.test.testng.tests.Checks.TestViewObjectApproved">
    <skipped/>
  </testcase> <!-- viewReliefApproved -->
  <testcase name="viewRoadSignsApproved" time="0.0" classname="com.selenium.test.testng.tests.Checks.TestViewObjectApproved">
    <skipped/>
  </testcase> <!-- viewRoadSignsApproved -->
  <testcase name="viewRoadmarkApproved" time="0.0" classname="com.selenium.test.testng.tests.Checks.TestViewObjectApproved">
    <skipped/>
  </testcase> <!-- viewRoadmarkApproved -->
  <testcase name="viewShrubsApproved" time="0.0" classname="com.selenium.test.testng.tests.Checks.TestViewObjectApproved">
    <skipped/>
  </testcase> <!-- viewShrubsApproved -->
  <testcase name="viewSidewalksApproved" time="0.0" classname="com.selenium.test.testng.tests.Checks.TestViewObjectApproved">
    <skipped/>
  </testcase> <!-- viewSidewalksApproved -->
  <testcase name="viewStopsApproved" time="0.0" classname="com.selenium.test.testng.tests.Checks.TestViewObjectApproved">
    <skipped/>
  </testcase> <!-- viewStopsApproved -->
  <testcase name="viewStoragePlaceApproved" time="0.0" classname="com.selenium.test.testng.tests.Checks.TestViewObjectApproved">
    <skipped/>
  </testcase> <!-- viewStoragePlaceApproved -->
  <testcase name="viewTechPlaceApproved" time="0.0" classname="com.selenium.test.testng.tests.Checks.TestViewObjectApproved">
    <skipped/>
  </testcase> <!-- viewTechPlaceApproved -->
  <testcase name="viewTrafficLightApproved" time="0.0" classname="com.selenium.test.testng.tests.Checks.TestViewObjectApproved">
    <skipped/>
  </testcase> <!-- viewTrafficLightApproved -->
  <testcase name="viewTramRailsApproved" time="0.0" classname="com.selenium.test.testng.tests.Checks.TestViewObjectApproved">
    <skipped/>
  </testcase> <!-- viewTramRailsApproved -->
  <testcase name="viewTreesApproved" time="0.0" classname="com.selenium.test.testng.tests.Checks.TestViewObjectApproved">
    <skipped/>
  </testcase> <!-- viewTreesApproved -->
  <testcase name="viewTrolleybusContNetworkApproved" time="0.0" classname="com.selenium.test.testng.tests.Checks.TestViewObjectApproved">
    <skipped/>
  </testcase> <!-- viewTrolleybusContNetworkApproved -->
  <testcase name="trueLoginPassword" time="0.0" classname="com.selenium.test.testng.tests.TestLogin">
    <skipped/>
  </testcase> <!-- trueLoginPassword -->
  <testcase name="wrongLoginPassword" time="0.0" classname="com.selenium.test.testng.tests.TestLogin">
    <skipped/>
  </testcase> <!-- wrongLoginPassword -->
  <testcase name="viewBoardStoneProject" time="0.0" classname="com.selenium.test.testng.tests.Checks.TestViewObjectProject">
    <skipped/>
  </testcase> <!-- viewBoardStoneProject -->
  <testcase name="viewBuildingProject" time="0.0" classname="com.selenium.test.testng.tests.Checks.TestViewObjectProject">
    <skipped/>
  </testcase> <!-- viewBuildingProject -->
  <testcase name="viewCarriagewayProject" time="0.0" classname="com.selenium.test.testng.tests.Checks.TestViewObjectProject">
    <skipped/>
  </testcase> <!-- viewCarriagewayProject -->
  <testcase name="viewContainerProject" time="0.0" classname="com.selenium.test.testng.tests.Checks.TestViewObjectProject">
    <skipped/>
  </testcase> <!-- viewContainerProject -->
  <testcase name="viewDtsProject" time="0.0" classname="com.selenium.test.testng.tests.Checks.TestViewObjectProject">
    <skipped/>
  </testcase> <!-- viewDtsProject -->
  <testcase name="viewEnvironmentProtectionProject" time="0.0" classname="com.selenium.test.testng.tests.Checks.TestViewObjectProject">
    <skipped/>
  </testcase> <!-- viewEnvironmentProtectionProject -->
  <testcase name="viewFencingProject" time="0.0" classname="com.selenium.test.testng.tests.Checks.TestViewObjectProject">
    <skipped/>
  </testcase> <!-- viewFencingProject -->
  <testcase name="viewFlowersGardenProject" time="0.0" classname="com.selenium.test.testng.tests.Checks.TestViewObjectProject">
    <skipped/>
  </testcase> <!-- viewFlowersGardenProject -->
  <testcase name="viewFunctionalityProject" time="0.0" classname="com.selenium.test.testng.tests.Checks.TestViewObjectProject">
    <skipped/>
  </testcase> <!-- viewFunctionalityProject -->
  <testcase name="viewImprovementTerritoryProject" time="0.0" classname="com.selenium.test.testng.tests.Checks.TestViewObjectProject">
    <skipped/>
  </testcase> <!-- viewImprovementTerritoryProject -->
  <testcase name="viewLamppostsProject" time="0.0" classname="com.selenium.test.testng.tests.Checks.TestViewObjectProject">
    <skipped/>
  </testcase> <!-- viewLamppostsProject -->
  <testcase name="viewLawnProject" time="0.0" classname="com.selenium.test.testng.tests.Checks.TestViewObjectProject">
    <skipped/>
  </testcase> <!-- viewLawnProject -->
  <testcase name="viewLawnsProject" time="0.0" classname="com.selenium.test.testng.tests.Checks.TestViewObjectProject">
    <skipped/>
  </testcase> <!-- viewLawnsProject -->
  <testcase name="viewLittleFormProject" time="0.0" classname="com.selenium.test.testng.tests.Checks.TestViewObjectProject">
    <skipped/>
  </testcase> <!-- viewLittleFormProject -->
  <testcase name="viewMafProject" time="0.0" classname="com.selenium.test.testng.tests.Checks.TestViewObjectProject">
    <skipped/>
  </testcase> <!-- viewMafProject -->
  <testcase name="viewManholesProject" time="0.0" classname="com.selenium.test.testng.tests.Checks.TestViewObjectProject">
    <skipped/>
  </testcase> <!-- viewManholesProject -->
  <testcase name="viewMarginProject" time="0.0" classname="com.selenium.test.testng.tests.Checks.TestViewObjectProject">
    <skipped/>
  </testcase> <!-- viewMarginProject -->
  <testcase name="viewODHProject" time="0.0" classname="com.selenium.test.testng.tests.Checks.TestViewObjectProject">
    <skipped/>
  </testcase> <!-- viewODHProject -->
  <testcase name="viewOtherEnginConstructProject" time="0.0" classname="com.selenium.test.testng.tests.Checks.TestViewObjectProject">
    <skipped/>
  </testcase> <!-- viewOtherEnginConstructProject -->
  <testcase name="viewOtherFlatBuildingProject" time="0.0" classname="com.selenium.test.testng.tests.Checks.TestViewObjectProject">
    <skipped/>
  </testcase> <!-- viewOtherFlatBuildingProject -->
  <testcase name="viewPlanarStructureProject" time="0.0" classname="com.selenium.test.testng.tests.Checks.TestViewObjectProject">
    <skipped/>
  </testcase> <!-- viewPlanarStructureProject -->
  <testcase name="viewPpiProject" time="0.0" classname="com.selenium.test.testng.tests.Checks.TestViewObjectProject">
    <skipped/>
  </testcase> <!-- viewPpiProject -->
  <testcase name="viewReliefProject" time="0.0" classname="com.selenium.test.testng.tests.Checks.TestViewObjectProject">
    <skipped/>
  </testcase> <!-- viewReliefProject -->
  <testcase name="viewRoadSignsProject" time="0.0" classname="com.selenium.test.testng.tests.Checks.TestViewObjectProject">
    <skipped/>
  </testcase> <!-- viewRoadSignsProject -->
  <testcase name="viewRoadmarkProject" time="0.0" classname="com.selenium.test.testng.tests.Checks.TestViewObjectProject">
    <skipped/>
  </testcase> <!-- viewRoadmarkProject -->
  <testcase name="viewShrubsProject" time="0.0" classname="com.selenium.test.testng.tests.Checks.TestViewObjectProject">
    <skipped/>
  </testcase> <!-- viewShrubsProject -->
  <testcase name="viewSidewalksProject" time="0.0" classname="com.selenium.test.testng.tests.Checks.TestViewObjectProject">
    <skipped/>
  </testcase> <!-- viewSidewalksProject -->
  <testcase name="viewStopsProject" time="0.0" classname="com.selenium.test.testng.tests.Checks.TestViewObjectProject">
    <skipped/>
  </testcase> <!-- viewStopsProject -->
  <testcase name="viewStoragePlaceProject" time="0.0" classname="com.selenium.test.testng.tests.Checks.TestViewObjectProject">
    <skipped/>
  </testcase> <!-- viewStoragePlaceProject -->
  <testcase name="viewTechPlaceProject" time="0.0" classname="com.selenium.test.testng.tests.Checks.TestViewObjectProject">
    <skipped/>
  </testcase> <!-- viewTechPlaceProject -->
  <testcase name="viewTrafficLightProject" time="0.0" classname="com.selenium.test.testng.tests.Checks.TestViewObjectProject">
    <skipped/>
  </testcase> <!-- viewTrafficLightProject -->
  <testcase name="viewTramRailsProject" time="0.0" classname="com.selenium.test.testng.tests.Checks.TestViewObjectProject">
    <skipped/>
  </testcase> <!-- viewTramRailsProject -->
  <testcase name="viewTreesProject" time="0.0" classname="com.selenium.test.testng.tests.Checks.TestViewObjectProject">
    <skipped/>
  </testcase> <!-- viewTreesProject -->
  <testcase name="viewTrolleybusContNetworkProject" time="0.0" classname="com.selenium.test.testng.tests.Checks.TestViewObjectProject">
    <skipped/>
  </testcase> <!-- viewTrolleybusContNetworkProject -->
</testsuite> <!-- Command line test -->
