<?xml version="1.0" encoding="UTF-8"?>
<!-- Generated by org.testng.reporters.JUnitReportReporter -->
<testsuite skipped="31" hostname="Vyacheslav-PC" name="com.selenium.test.testng.tests.Checks.TestNullParams" tests="32" failures="0" timestamp="03 апр 2017 13:44:51 GMT" time="0.010" errors="1">
  <testcase name="mafObject" time="0.000" classname="com.selenium.test.testng.tests.Checks.TestNullParams">
    <skipped/>
  </testcase> <!-- mafObject -->
  <testcase name="planarStructure" time="0.000" classname="com.selenium.test.testng.tests.Checks.TestNullParams">
    <skipped/>
  </testcase> <!-- planarStructure -->
  <testcase name="marginObject" time="0.000" classname="com.selenium.test.testng.tests.Checks.TestNullParams">
    <skipped/>
  </testcase> <!-- marginObject -->
  <testcase name="manholesObject" time="0.000" classname="com.selenium.test.testng.tests.Checks.TestNullParams">
    <skipped/>
  </testcase> <!-- manholesObject -->
  <testcase name="boardStone" time="0.000" classname="com.selenium.test.testng.tests.Checks.TestNullParams">
    <skipped/>
  </testcase> <!-- boardStone -->
  <testcase name="lawnsObject" time="0.000" classname="com.selenium.test.testng.tests.Checks.TestNullParams">
    <skipped/>
  </testcase> <!-- lawnsObject -->
  <testcase name="improvementTerritory1" time="0.000" classname="com.selenium.test.testng.tests.Checks.TestNullParams">
    <skipped/>
  </testcase> <!-- improvementTerritory1 -->
  <testcase name="lampPosts" time="0.000" classname="com.selenium.test.testng.tests.Checks.TestNullParams">
    <skipped/>
  </testcase> <!-- lampPosts -->
  <testcase name="carriagewayObject" time="0.000" classname="com.selenium.test.testng.tests.Checks.TestNullParams">
    <skipped/>
  </testcase> <!-- carriagewayObject -->
  <testcase name="stopsObject" time="0.000" classname="com.selenium.test.testng.tests.Checks.TestNullParams">
    <skipped/>
  </testcase> <!-- stopsObject -->
  <testcase name="sidewalksObject" time="0.000" classname="com.selenium.test.testng.tests.Checks.TestNullParams">
    <skipped/>
  </testcase> <!-- sidewalksObject -->
  <testcase name="otherFlatBuilding" time="0.000" classname="com.selenium.test.testng.tests.Checks.TestNullParams">
    <skipped/>
  </testcase> <!-- otherFlatBuilding -->
  <testcase name="tramRails" time="0.000" classname="com.selenium.test.testng.tests.Checks.TestNullParams">
    <skipped/>
  </testcase> <!-- tramRails -->
  <testcase name="otherEnginConstruct" time="0.000" classname="com.selenium.test.testng.tests.Checks.TestNullParams">
    <skipped/>
  </testcase> <!-- otherEnginConstruct -->
  <testcase name="functionalityObject" time="0.000" classname="com.selenium.test.testng.tests.Checks.TestNullParams">
    <skipped/>
  </testcase> <!-- functionalityObject -->
  <testcase name="trafficLight" time="0.000" classname="com.selenium.test.testng.tests.Checks.TestNullParams">
    <skipped/>
  </testcase> <!-- trafficLight -->
  <testcase name="containerObject" time="0.000" classname="com.selenium.test.testng.tests.Checks.TestNullParams">
    <skipped/>
  </testcase> <!-- containerObject -->
  <testcase name="littleForm" time="0.000" classname="com.selenium.test.testng.tests.Checks.TestNullParams">
    <skipped/>
  </testcase> <!-- littleForm -->
  <testcase name="trolleybusContNetwork" time="0.000" classname="com.selenium.test.testng.tests.Checks.TestNullParams">
    <skipped/>
  </testcase> <!-- trolleybusContNetwork -->
  <testcase name="dtsObject" time="0.000" classname="com.selenium.test.testng.tests.Checks.TestNullParams">
    <skipped/>
  </testcase> <!-- dtsObject -->
  <testcase name="shrubsObject" time="0.000" classname="com.selenium.test.testng.tests.Checks.TestNullParams">
    <skipped/>
  </testcase> <!-- shrubsObject -->
  <testcase name="storagePlace" time="0.000" classname="com.selenium.test.testng.tests.Checks.TestNullParams">
    <skipped/>
  </testcase> <!-- storagePlace -->
  <testcase name="befClass" time="0.010" classname="com.selenium.test.testng.tests.Checks.TestNullParams">
    <error type="java.lang.ClassCastException" message="org.openqa.selenium.remote.service.DriverCommandExecutor cannot be cast to org.openqa.selenium.firefox.FirefoxDriver$LazyCommandExecutor">
      <![CDATA[java.lang.ClassCastException: org.openqa.selenium.remote.service.DriverCommandExecutor cannot be cast to org.openqa.selenium.firefox.FirefoxDriver$LazyCommandExecutor
	at org.openqa.selenium.firefox.FirefoxDriver.startClient(FirefoxDriver.java:325)
	at org.openqa.selenium.remote.RemoteWebDriver.<init>(RemoteWebDriver.java:119)
	at org.openqa.selenium.firefox.FirefoxDriver.<init>(FirefoxDriver.java:218)
	at org.openqa.selenium.firefox.FirefoxDriver.<init>(FirefoxDriver.java:125)
	at org.openqa.selenium.firefox.FirefoxDriver.<init>(FirefoxDriver.java:150)
	at com.codeborne.selenide.webdriver.WebDriverFactory.createFirefoxDriver(WebDriverFactory.java:191)
	at com.codeborne.selenide.webdriver.WebDriverFactory.createWebDriver(WebDriverFactory.java:50)
	at com.codeborne.selenide.impl.WebDriverThreadLocalContainer.createDriver(WebDriverThreadLocalContainer.java:240)
	at com.codeborne.selenide.impl.WebDriverThreadLocalContainer.getAndCheckWebDriver(WebDriverThreadLocalContainer.java:113)
	at com.codeborne.selenide.WebDriverRunner.getAndCheckWebDriver(WebDriverRunner.java:136)
	at com.codeborne.selenide.impl.Navigator.navigateToAbsoluteUrl(Navigator.java:69)
	at com.codeborne.selenide.impl.Navigator.open(Navigator.java:32)
	at com.codeborne.selenide.Selenide.open(Selenide.java:82)
	at com.codeborne.selenide.Selenide.open(Selenide.java:56)
	at com.selenium.test.testng.tests.odsTestReestr.TestProcedures.autorisationUser(TestProcedures.java:96)
	at com.selenium.test.testng.tests.Checks.TestNullParams.befClass(TestNullParams.java:24)
	at sun.reflect.NativeMethodAccessorImpl.invoke0(Native Method)
	at sun.reflect.NativeMethodAccessorImpl.invoke(NativeMethodAccessorImpl.java:62)
	at sun.reflect.DelegatingMethodAccessorImpl.invoke(DelegatingMethodAccessorImpl.java:43)
	at java.lang.reflect.Method.invoke(Method.java:498)
	at org.testng.internal.MethodInvocationHelper.invokeMethod(MethodInvocationHelper.java:108)
	at org.testng.internal.Invoker.invokeConfigurationMethod(Invoker.java:523)
	at org.testng.internal.Invoker.invokeConfigurations(Invoker.java:224)
	at org.testng.internal.Invoker.invokeConfigurations(Invoker.java:146)
	at org.testng.internal.TestMethodWorker.invokeBeforeClassMethods(TestMethodWorker.java:166)
	at org.testng.internal.TestMethodWorker.run(TestMethodWorker.java:105)
	at org.testng.TestRunner.privateRun(TestRunner.java:744)
	at org.testng.TestRunner.run(TestRunner.java:602)
	at org.testng.SuiteRunner.runTest(SuiteRunner.java:380)
	at org.testng.SuiteRunner.runSequentially(SuiteRunner.java:375)
	at org.testng.SuiteRunner.privateRun(SuiteRunner.java:340)
	at org.testng.SuiteRunner.run(SuiteRunner.java:289)
	at org.testng.SuiteRunnerWorker.runSuite(SuiteRunnerWorker.java:52)
	at org.testng.SuiteRunnerWorker.run(SuiteRunnerWorker.java:86)
	at org.testng.TestNG.runSuitesSequentially(TestNG.java:1301)
	at org.testng.TestNG.runSuitesLocally(TestNG.java:1226)
	at org.testng.TestNG.runSuites(TestNG.java:1144)
	at org.testng.TestNG.run(TestNG.java:1115)
	at org.apache.maven.surefire.testng.TestNGExecutor.run(TestNGExecutor.java:77)
	at org.apache.maven.surefire.testng.TestNGDirectoryTestSuite.executeMulti(TestNGDirectoryTestSuite.java:159)
	at org.apache.maven.surefire.testng.TestNGDirectoryTestSuite.execute(TestNGDirectoryTestSuite.java:99)
	at org.apache.maven.surefire.testng.TestNGProvider.invoke(TestNGProvider.java:106)
	at sun.reflect.NativeMethodAccessorImpl.invoke0(Native Method)
	at sun.reflect.NativeMethodAccessorImpl.invoke(NativeMethodAccessorImpl.java:62)
	at sun.reflect.DelegatingMethodAccessorImpl.invoke(DelegatingMethodAccessorImpl.java:43)
	at java.lang.reflect.Method.invoke(Method.java:498)
	at org.apache.maven.surefire.util.ReflectionUtils.invokeMethodWithArray(ReflectionUtils.java:189)
	at org.apache.maven.surefire.booter.ProviderFactory$ProviderProxy.invoke(ProviderFactory.java:165)
	at org.apache.maven.surefire.booter.ProviderFactory.invokeProvider(ProviderFactory.java:85)
	at org.apache.maven.surefire.booter.ForkedBooter.runSuitesInProcess(ForkedBooter.java:115)
	at org.apache.maven.surefire.booter.ForkedBooter.main(ForkedBooter.java:75)
]]>
    </error>
  </testcase> <!-- befClass -->
  <testcase name="odhObject1" time="0.000" classname="com.selenium.test.testng.tests.Checks.TestNullParams">
    <skipped/>
  </testcase> <!-- odhObject1 -->
  <testcase name="buildingObject" time="0.000" classname="com.selenium.test.testng.tests.Checks.TestNullParams">
    <skipped/>
  </testcase> <!-- buildingObject -->
  <testcase name="reliefObject" time="0.000" classname="com.selenium.test.testng.tests.Checks.TestNullParams">
    <skipped/>
  </testcase> <!-- reliefObject -->
  <testcase name="fencingObject" time="0.000" classname="com.selenium.test.testng.tests.Checks.TestNullParams">
    <skipped/>
  </testcase> <!-- fencingObject -->
  <testcase name="roadSigns_10" time="0.000" classname="com.selenium.test.testng.tests.Checks.TestNullParams">
    <skipped/>
  </testcase> <!-- roadSigns_10 -->
  <testcase name="ppiObject" time="0.000" classname="com.selenium.test.testng.tests.Checks.TestNullParams">
    <skipped/>
  </testcase> <!-- ppiObject -->
  <testcase name="treesObject" time="0.000" classname="com.selenium.test.testng.tests.Checks.TestNullParams">
    <skipped/>
  </testcase> <!-- treesObject -->
  <testcase name="roadmarkObject" time="0.000" classname="com.selenium.test.testng.tests.Checks.TestNullParams">
    <skipped/>
  </testcase> <!-- roadmarkObject -->
  <testcase name="environmentProtection" time="0.000" classname="com.selenium.test.testng.tests.Checks.TestNullParams">
    <skipped/>
  </testcase> <!-- environmentProtection -->
</testsuite> <!-- com.selenium.test.testng.tests.Checks.TestNullParams -->
