<?xml version="1.0" encoding="UTF-8"?>
<!-- Generated by org.testng.reporters.JUnitReportReporter -->
<testsuite skipped="34" hostname="Vyacheslav-PC" name="com.selenium.test.testng.tests.Checks.TestViewObjectProject" tests="35" failures="0" timestamp="03 апр 2017 13:44:51 GMT" time="0.028" errors="1">
  <testcase name="viewMafProject" time="0.000" classname="com.selenium.test.testng.tests.Checks.TestViewObjectProject">
    <skipped/>
  </testcase> <!-- viewMafProject -->
  <testcase name="viewEnvironmentProtectionProject" time="0.000" classname="com.selenium.test.testng.tests.Checks.TestViewObjectProject">
    <skipped/>
  </testcase> <!-- viewEnvironmentProtectionProject -->
  <testcase name="viewDtsProject" time="0.000" classname="com.selenium.test.testng.tests.Checks.TestViewObjectProject">
    <skipped/>
  </testcase> <!-- viewDtsProject -->
  <testcase name="viewShrubsProject" time="0.000" classname="com.selenium.test.testng.tests.Checks.TestViewObjectProject">
    <skipped/>
  </testcase> <!-- viewShrubsProject -->
  <testcase name="viewFlowersGardenProject" time="0.000" classname="com.selenium.test.testng.tests.Checks.TestViewObjectProject">
    <skipped/>
  </testcase> <!-- viewFlowersGardenProject -->
  <testcase name="viewTreesProject" time="0.000" classname="com.selenium.test.testng.tests.Checks.TestViewObjectProject">
    <skipped/>
  </testcase> <!-- viewTreesProject -->
  <testcase name="viewPlanarStructureProject" time="0.000" classname="com.selenium.test.testng.tests.Checks.TestViewObjectProject">
    <skipped/>
  </testcase> <!-- viewPlanarStructureProject -->
  <testcase name="viewODHProject" time="0.000" classname="com.selenium.test.testng.tests.Checks.TestViewObjectProject">
    <skipped/>
  </testcase> <!-- viewODHProject -->
  <testcase name="viewLawnProject" time="0.000" classname="com.selenium.test.testng.tests.Checks.TestViewObjectProject">
    <skipped/>
  </testcase> <!-- viewLawnProject -->
  <testcase name="viewMarginProject" time="0.000" classname="com.selenium.test.testng.tests.Checks.TestViewObjectProject">
    <skipped/>
  </testcase> <!-- viewMarginProject -->
  <testcase name="viewImprovementTerritoryProject" time="0.000" classname="com.selenium.test.testng.tests.Checks.TestViewObjectProject">
    <skipped/>
  </testcase> <!-- viewImprovementTerritoryProject -->
  <testcase name="viewFencingProject" time="0.000" classname="com.selenium.test.testng.tests.Checks.TestViewObjectProject">
    <skipped/>
  </testcase> <!-- viewFencingProject -->
  <testcase name="viewFunctionalityProject" time="0.000" classname="com.selenium.test.testng.tests.Checks.TestViewObjectProject">
    <skipped/>
  </testcase> <!-- viewFunctionalityProject -->
  <testcase name="viewPpiProject" time="0.000" classname="com.selenium.test.testng.tests.Checks.TestViewObjectProject">
    <skipped/>
  </testcase> <!-- viewPpiProject -->
  <testcase name="viewSidewalksProject" time="0.000" classname="com.selenium.test.testng.tests.Checks.TestViewObjectProject">
    <skipped/>
  </testcase> <!-- viewSidewalksProject -->
  <testcase name="viewRoadSignsProject" time="0.000" classname="com.selenium.test.testng.tests.Checks.TestViewObjectProject">
    <skipped/>
  </testcase> <!-- viewRoadSignsProject -->
  <testcase name="viewLawnsProject" time="0.000" classname="com.selenium.test.testng.tests.Checks.TestViewObjectProject">
    <skipped/>
  </testcase> <!-- viewLawnsProject -->
  <testcase name="viewContainerProject" time="0.000" classname="com.selenium.test.testng.tests.Checks.TestViewObjectProject">
    <skipped/>
  </testcase> <!-- viewContainerProject -->
  <testcase name="viewStopsProject" time="0.000" classname="com.selenium.test.testng.tests.Checks.TestViewObjectProject">
    <skipped/>
  </testcase> <!-- viewStopsProject -->
  <testcase name="viewLamppostsProject" time="0.000" classname="com.selenium.test.testng.tests.Checks.TestViewObjectProject">
    <skipped/>
  </testcase> <!-- viewLamppostsProject -->
  <testcase name="viewTrolleybusContNetworkProject" time="0.000" classname="com.selenium.test.testng.tests.Checks.TestViewObjectProject">
    <skipped/>
  </testcase> <!-- viewTrolleybusContNetworkProject -->
  <testcase name="viewBuildingProject" time="0.000" classname="com.selenium.test.testng.tests.Checks.TestViewObjectProject">
    <skipped/>
  </testcase> <!-- viewBuildingProject -->
  <testcase name="viewBoardStoneProject" time="0.000" classname="com.selenium.test.testng.tests.Checks.TestViewObjectProject">
    <skipped/>
  </testcase> <!-- viewBoardStoneProject -->
  <testcase name="viewManholesProject" time="0.000" classname="com.selenium.test.testng.tests.Checks.TestViewObjectProject">
    <skipped/>
  </testcase> <!-- viewManholesProject -->
  <testcase name="viewOtherFlatBuildingProject" time="0.000" classname="com.selenium.test.testng.tests.Checks.TestViewObjectProject">
    <skipped/>
  </testcase> <!-- viewOtherFlatBuildingProject -->
  <testcase name="viewStoragePlaceProject" time="0.000" classname="com.selenium.test.testng.tests.Checks.TestViewObjectProject">
    <skipped/>
  </testcase> <!-- viewStoragePlaceProject -->
  <testcase name="viewRoadmarkProject" time="0.000" classname="com.selenium.test.testng.tests.Checks.TestViewObjectProject">
    <skipped/>
  </testcase> <!-- viewRoadmarkProject -->
  <testcase name="befClass" time="0.028" classname="com.selenium.test.testng.tests.Checks.TestViewObjectProject">
    <error type="java.lang.ClassCastException" message="org.openqa.selenium.remote.service.DriverCommandExecutor cannot be cast to org.openqa.selenium.firefox.FirefoxDriver$LazyCommandExecutor">
      <![CDATA[java.lang.ClassCastException: org.openqa.selenium.remote.service.DriverCommandExecutor cannot be cast to org.openqa.selenium.firefox.FirefoxDriver$LazyCommandExecutor
	at org.openqa.selenium.firefox.FirefoxDriver.startClient(FirefoxDriver.java:325)
	at org.openqa.selenium.remote.RemoteWebDriver.<init>(RemoteWebDriver.java:119)
	at org.openqa.selenium.firefox.FirefoxDriver.<init>(FirefoxDriver.java:218)
	at org.openqa.selenium.firefox.FirefoxDriver.<init>(FirefoxDriver.java:125)
	at org.openqa.selenium.firefox.FirefoxDriver.<init>(FirefoxDriver.java:150)
	at com.codeborne.selenide.webdriver.WebDriverFactory.createFirefoxDriver(WebDriverFactory.java:191)
	at com.codeborne.selenide.webdriver.WebDriverFactory.createWebDriver(WebDriverFactory.java:50)
	at com.codeborne.selenide.impl.WebDriverThreadLocalContainer.createDriver(WebDriverThreadLocalContainer.java:240)
	at com.codeborne.selenide.impl.WebDriverThreadLocalContainer.getAndCheckWebDriver(WebDriverThreadLocalContainer.java:113)
	at com.codeborne.selenide.WebDriverRunner.getAndCheckWebDriver(WebDriverRunner.java:136)
	at com.codeborne.selenide.impl.Navigator.navigateToAbsoluteUrl(Navigator.java:69)
	at com.codeborne.selenide.impl.Navigator.open(Navigator.java:32)
	at com.codeborne.selenide.Selenide.open(Selenide.java:82)
	at com.codeborne.selenide.Selenide.open(Selenide.java:56)
	at com.selenium.test.testng.tests.Checks.TestProcedures.autorisationUser(TestProcedures.java:98)
	at com.selenium.test.testng.tests.Checks.TestViewObjectProject.befClass(TestViewObjectProject.java:19)
	at sun.reflect.NativeMethodAccessorImpl.invoke0(Native Method)
	at sun.reflect.NativeMethodAccessorImpl.invoke(NativeMethodAccessorImpl.java:62)
	at sun.reflect.DelegatingMethodAccessorImpl.invoke(DelegatingMethodAccessorImpl.java:43)
	at java.lang.reflect.Method.invoke(Method.java:498)
	at org.testng.internal.MethodInvocationHelper.invokeMethod(MethodInvocationHelper.java:108)
	at org.testng.internal.Invoker.invokeConfigurationMethod(Invoker.java:523)
	at org.testng.internal.Invoker.invokeConfigurations(Invoker.java:224)
	at org.testng.internal.Invoker.invokeConfigurations(Invoker.java:146)
	at org.testng.internal.TestMethodWorker.invokeBeforeClassMethods(TestMethodWorker.java:166)
	at org.testng.internal.TestMethodWorker.run(TestMethodWorker.java:105)
	at org.testng.TestRunner.privateRun(TestRunner.java:744)
	at org.testng.TestRunner.run(TestRunner.java:602)
	at org.testng.SuiteRunner.runTest(SuiteRunner.java:380)
	at org.testng.SuiteRunner.runSequentially(SuiteRunner.java:375)
	at org.testng.SuiteRunner.privateRun(SuiteRunner.java:340)
	at org.testng.SuiteRunner.run(SuiteRunner.java:289)
	at org.testng.SuiteRunnerWorker.runSuite(SuiteRunnerWorker.java:52)
	at org.testng.SuiteRunnerWorker.run(SuiteRunnerWorker.java:86)
	at org.testng.TestNG.runSuitesSequentially(TestNG.java:1301)
	at org.testng.TestNG.runSuitesLocally(TestNG.java:1226)
	at org.testng.TestNG.runSuites(TestNG.java:1144)
	at org.testng.TestNG.run(TestNG.java:1115)
	at org.apache.maven.surefire.testng.TestNGExecutor.run(TestNGExecutor.java:77)
	at org.apache.maven.surefire.testng.TestNGDirectoryTestSuite.executeMulti(TestNGDirectoryTestSuite.java:159)
	at org.apache.maven.surefire.testng.TestNGDirectoryTestSuite.execute(TestNGDirectoryTestSuite.java:99)
	at org.apache.maven.surefire.testng.TestNGProvider.invoke(TestNGProvider.java:106)
	at sun.reflect.NativeMethodAccessorImpl.invoke0(Native Method)
	at sun.reflect.NativeMethodAccessorImpl.invoke(NativeMethodAccessorImpl.java:62)
	at sun.reflect.DelegatingMethodAccessorImpl.invoke(DelegatingMethodAccessorImpl.java:43)
	at java.lang.reflect.Method.invoke(Method.java:498)
	at org.apache.maven.surefire.util.ReflectionUtils.invokeMethodWithArray(ReflectionUtils.java:189)
	at org.apache.maven.surefire.booter.ProviderFactory$ProviderProxy.invoke(ProviderFactory.java:165)
	at org.apache.maven.surefire.booter.ProviderFactory.invokeProvider(ProviderFactory.java:85)
	at org.apache.maven.surefire.booter.ForkedBooter.runSuitesInProcess(ForkedBooter.java:115)
	at org.apache.maven.surefire.booter.ForkedBooter.main(ForkedBooter.java:75)
]]>
    </error>
  </testcase> <!-- befClass -->
  <testcase name="viewOtherEnginConstructProject" time="0.000" classname="com.selenium.test.testng.tests.Checks.TestViewObjectProject">
    <skipped/>
  </testcase> <!-- viewOtherEnginConstructProject -->
  <testcase name="viewCarriagewayProject" time="0.000" classname="com.selenium.test.testng.tests.Checks.TestViewObjectProject">
    <skipped/>
  </testcase> <!-- viewCarriagewayProject -->
  <testcase name="viewTramRailsProject" time="0.000" classname="com.selenium.test.testng.tests.Checks.TestViewObjectProject">
    <skipped/>
  </testcase> <!-- viewTramRailsProject -->
  <testcase name="viewReliefProject" time="0.000" classname="com.selenium.test.testng.tests.Checks.TestViewObjectProject">
    <skipped/>
  </testcase> <!-- viewReliefProject -->
  <testcase name="viewTechPlaceProject" time="0.000" classname="com.selenium.test.testng.tests.Checks.TestViewObjectProject">
    <skipped/>
  </testcase> <!-- viewTechPlaceProject -->
  <testcase name="viewTrafficLightProject" time="0.000" classname="com.selenium.test.testng.tests.Checks.TestViewObjectProject">
    <skipped/>
  </testcase> <!-- viewTrafficLightProject -->
  <testcase name="viewLittleFormProject" time="0.000" classname="com.selenium.test.testng.tests.Checks.TestViewObjectProject">
    <skipped/>
  </testcase> <!-- viewLittleFormProject -->
</testsuite> <!-- com.selenium.test.testng.tests.Checks.TestViewObjectProject -->
